<?xml version="1.0" encoding="utf-8"?><testsuites><testsuite errors="0" failures="0" hostname="DESKTOP-FV0I4VU" name="pytest" skipped="0" tests="3" time="25.375" timestamp="2019-11-01T08:09:32.263047"><testcase classname="test_HomePage.TestHomePage" file="test_HomePage.py" line="12" name="test_formSubmission[getData0]" time="8.642"></testcase><testcase classname="test_HomePage.TestHomePage" file="test_HomePage.py" line="12" name="test_formSubmission[getData1]" time="1.721"></testcase><testcase classname="test_e2e.TestOne" file="test_e2e.py" line="15" name="test_e2e" time="14.925"></testcase></testsuite></testsuites>